

-----------------------------------------
20:39:37.147 : Starting log.
20:39:37.148 INFO : Cataclysm DDA version 0.E-3
20:39:38.180 WARNING : opendir [/home/ws/.local/share/cataclysm-dda/mods/] failed with "Нет такого файла или каталога".
20:40:08.553 : Log shutdown.
-----------------------------------------



-----------------------------------------
20:41:12.165 : Starting log.
20:41:12.165 INFO : Cataclysm DDA version 0.E-3
20:41:12.518 WARNING : opendir [/home/ws/.local/share/cataclysm-dda/mods/] failed with "Нет такого файла или каталога".
20:42:01.182 WARNING : opendir [/home/ws/.local/share/cataclysm-dda/save/test_world/mods] failed with "Нет такого файла или каталога".
21:19:14.595 : Log shutdown.
-----------------------------------------



-----------------------------------------
23:07:31.559 : Starting log.
23:07:31.564 INFO : Cataclysm DDA version 0.E-3
23:07:32.482 WARNING : opendir [/home/ws/.local/share/cataclysm-dda/mods/] failed with "Нет такого файла или каталога".
23:10:31.983 WARNING : opendir [/home/ws/.local/share/cataclysm-dda/save/Вампс/mods] failed with "Нет такого файла или каталога".
01:36:52.943 : Log shutdown.
-----------------------------------------



-----------------------------------------
00:21:02.632 : Starting log.
00:21:02.649 INFO : Cataclysm DDA version 0.E-3
00:21:03.567 WARNING : opendir [/home/ws/.local/share/cataclysm-dda/mods/] failed with "Нет такого файла или каталога".
00:21:16.124 : Log shutdown.
-----------------------------------------

